2026-06-29 08:07:33.056 | INFO     | database.supabase_client:upsert_observations:18 - Upserted 1 observations to Supabase
2026-06-29 08:07:33.056 | INFO     | ingestion.noaa_fetcher:fetch_and_store:88 - Stored NOAA observation at 2026-06-28T08:04:00
2026-06-29 08:12:33.857 | INFO     | database.supabase_client:upsert_observations:18 - Upserted 1 observations to Supabase
2026-06-29 08:12:33.859 | INFO     | ingestion.noaa_fetcher:fetch_and_store:88 - Stored NOAA observation at 2026-06-28T08:10:00
2026-06-29 08:17:33.672 | INFO     | database.supabase_client:upsert_observations:18 - Upserted 1 observations to Supabase
2026-06-29 08:17:33.672 | INFO     | ingestion.noaa_fetcher:fetch_and_store:88 - Stored NOAA observation at 2026-06-28T08:16:00
2026-06-29 08:22:33.717 | INFO     | database.supabase_client:upsert_observations:18 - Upserted 1 observations to Supabase
2026-06-29 08:22:33.717 | INFO     | ingestion.noaa_fetcher:fetch_and_store:88 - Stored NOAA observation at 2026-06-28T08:19:00
2026-06-29 08:27:33.708 | INFO     | database.supabase_client:upsert_observations:18 - Upserted 1 observations to Supabase
2026-06-29 08:27:33.708 | INFO     | ingestion.noaa_fetcher:fetch_and_store:88 - Stored NOAA observation at 2026-06-28T08:22:11
2026-06-29 08:32:33.633 | INFO     | database.supabase_client:upsert_observations:18 - Upserted 1 observations to Supabase
2026-06-29 08:32:33.633 | INFO     | ingestion.noaa_fetcher:fetch_and_store:88 - Stored NOAA observation at 2026-06-28T08:29:00
2026-06-29 08:37:34.249 | INFO     | database.supabase_client:upsert_observations:18 - Upserted 1 observations to Supabase
2026-06-29 08:37:34.249 | INFO     | ingestion.noaa_fetcher:fetch_and_store:88 - Stored NOAA observation at 2026-06-28T08:35:11
2026-06-29 08:42:33.655 | INFO     | database.supabase_client:upsert_observations:18 - Upserted 1 observations to Supabase
2026-06-29 08:42:33.655 | INFO     | ingestion.noaa_fetcher:fetch_and_store:88 - Stored NOAA observation at 2026-06-28T08:39:00
2026-06-29 08:47:33.588 | INFO     | database.supabase_client:upsert_observations:18 - Upserted 1 observations to Supabase
2026-06-29 08:47:33.588 | INFO     | ingestion.noaa_fetcher:fetch_and_store:88 - Stored NOAA observation at 2026-06-28T08:46:00
2026-06-29 08:52:33.702 | INFO     | database.supabase_client:upsert_observations:18 - Upserted 1 observations to Supabase
2026-06-29 08:52:33.702 | INFO     | ingestion.noaa_fetcher:fetch_and_store:88 - Stored NOAA observation at 2026-06-28T08:49:00
2026-06-29 08:57:33.794 | INFO     | database.supabase_client:upsert_observations:18 - Upserted 1 observations to Supabase
2026-06-29 08:57:33.794 | INFO     | ingestion.noaa_fetcher:fetch_and_store:88 - Stored NOAA observation at 2026-06-28T08:55:00
2026-06-29 09:02:34.031 | INFO     | database.supabase_client:upsert_observations:18 - Upserted 1 observations to Supabase
2026-06-29 09:02:34.031 | INFO     | ingestion.noaa_fetcher:fetch_and_store:88 - Stored NOAA observation at 2026-06-28T09:01:00
2026-06-29 09:07:33.658 | INFO     | database.supabase_client:upsert_observations:18 - Upserted 1 observations to Supabase
2026-06-29 09:07:33.659 | INFO     | ingestion.noaa_fetcher:fetch_and_store:88 - Stored NOAA observation at 2026-06-28T09:06:00
2026-06-29 09:12:33.672 | INFO     | database.supabase_client:upsert_observations:18 - Upserted 1 observations to Supabase
2026-06-29 09:12:33.672 | INFO     | ingestion.noaa_fetcher:fetch_and_store:88 - Stored NOAA observation at 2026-06-28T09:09:00
2026-06-29 09:17:33.879 | INFO     | database.supabase_client:upsert_observations:18 - Upserted 1 observations to Supabase
2026-06-29 09:17:33.879 | INFO     | ingestion.noaa_fetcher:fetch_and_store:88 - Stored NOAA observation at 2026-06-28T09:15:00
2026-06-29 09:22:33.693 | INFO     | database.supabase_client:upsert_observations:18 - Upserted 1 observations to Supabase
2026-06-29 09:22:33.694 | INFO     | ingestion.noaa_fetcher:fetch_and_store:88 - Stored NOAA observation at 2026-06-28T09:21:00
2026-06-29 09:27:33.661 | INFO     | database.supabase_client:upsert_observations:18 - Upserted 1 observations to Supabase
2026-06-29 09:27:33.662 | INFO     | ingestion.noaa_fetcher:fetch_and_store:88 - Stored NOAA observation at 2026-06-28T09:25:00
2026-06-29 09:32:34.348 | INFO     | database.supabase_client:upsert_observations:18 - Upserted 1 observations to Supabase
2026-06-29 09:32:34.348 | INFO     | ingestion.noaa_fetcher:fetch_and_store:88 - Stored NOAA observation at 2026-06-28T09:28:00
2026-06-29 09:37:33.946 | INFO     | database.supabase_client:upsert_observations:18 - Upserted 1 observations to Supabase
2026-06-29 09:37:33.946 | INFO     | ingestion.noaa_fetcher:fetch_and_store:88 - Stored NOAA observation at 2026-06-28T09:34:11
2026-06-29 09:44:23.240 | ERROR    | database.supabase_client:upsert_observations:20 - Supabase upsert failed: [Errno 104] Connection reset by peer
2026-06-29 09:44:23.240 | INFO     | ingestion.noaa_fetcher:fetch_and_store:88 - Stored NOAA observation at 2026-06-28T09:41:00
2026-06-29 09:47:33.816 | INFO     | database.supabase_client:upsert_observations:18 - Upserted 1 observations to Supabase
2026-06-29 09:47:33.816 | INFO     | ingestion.noaa_fetcher:fetch_and_store:88 - Stored NOAA observation at 2026-06-28T09:43:35
2026-06-29 09:52:34.204 | INFO     | database.supabase_client:upsert_observations:18 - Upserted 1 observations to Supabase
2026-06-29 09:52:34.205 | INFO     | ingestion.noaa_fetcher:fetch_and_store:88 - Stored NOAA observation at 2026-06-28T09:50:23
2026-06-29 09:57:33.888 | INFO     | database.supabase_client:upsert_observations:18 - Upserted 1 observations to Supabase
2026-06-29 09:57:33.889 | INFO     | ingestion.noaa_fetcher:fetch_and_store:88 - Stored NOAA observation at 2026-06-28T09:54:00
2026-06-29 10:02:34.259 | INFO     | database.supabase_client:upsert_observations:18 - Upserted 1 observations to Supabase
2026-06-29 10:02:34.259 | INFO     | ingestion.noaa_fetcher:fetch_and_store:88 - Stored NOAA observation at 2026-06-28T10:00:11
2026-06-29 10:07:33.667 | INFO     | database.supabase_client:upsert_observations:18 - Upserted 1 observations to Supabase
2026-06-29 10:07:33.667 | INFO     | ingestion.noaa_fetcher:fetch_and_store:88 - Stored NOAA observation at 2026-06-28T10:05:00
2026-06-29 10:22:02.594 | INFO     | database.supabase_client:upsert_observations:18 - Upserted 1 observations to Supabase
2026-06-29 10:22:02.596 | INFO     | ingestion.noaa_fetcher:fetch_and_store:88 - Stored NOAA observation at 2026-06-28T10:18:00
2026-06-29 10:27:03.535 | INFO     | database.supabase_client:upsert_observations:18 - Upserted 1 observations to Supabase
2026-06-29 10:27:03.535 | INFO     | ingestion.noaa_fetcher:fetch_and_store:88 - Stored NOAA observation at 2026-06-28T10:24:00
2026-06-29 10:32:03.559 | INFO     | database.supabase_client:upsert_observations:18 - Upserted 1 observations to Supabase
2026-06-29 10:32:03.559 | INFO     | ingestion.noaa_fetcher:fetch_and_store:88 - Stored NOAA observation at 2026-06-28T10:30:11
2026-06-29 10:37:03.377 | INFO     | database.supabase_client:upsert_observations:18 - Upserted 1 observations to Supabase
2026-06-29 10:37:03.377 | INFO     | ingestion.noaa_fetcher:fetch_and_store:88 - Stored NOAA observation at 2026-06-28T10:34:00
2026-06-29 10:42:03.467 | INFO     | database.supabase_client:upsert_observations:18 - Upserted 1 observations to Supabase
2026-06-29 10:42:03.467 | INFO     | ingestion.noaa_fetcher:fetch_and_store:88 - Stored NOAA observation at 2026-06-28T10:36:59
2026-06-29 10:47:03.274 | INFO     | database.supabase_client:upsert_observations:18 - Upserted 1 observations to Supabase
2026-06-29 10:47:03.274 | INFO     | ingestion.noaa_fetcher:fetch_and_store:88 - Stored NOAA observation at 2026-06-28T10:44:11
2026-06-29 10:52:03.494 | INFO     | database.supabase_client:upsert_observations:18 - Upserted 1 observations to Supabase
2026-06-29 10:52:03.495 | INFO     | ingestion.noaa_fetcher:fetch_and_store:88 - Stored NOAA observation at 2026-06-28T10:49:00
2026-06-29 10:57:03.160 | INFO     | database.supabase_client:upsert_observations:18 - Upserted 1 observations to Supabase
2026-06-29 10:57:03.161 | INFO     | ingestion.noaa_fetcher:fetch_and_store:88 - Stored NOAA observation at 2026-06-28T10:55:00
2026-06-29 11:02:03.495 | INFO     | database.supabase_client:upsert_observations:18 - Upserted 1 observations to Supabase
2026-06-29 11:02:03.496 | INFO     | ingestion.noaa_fetcher:fetch_and_store:88 - Stored NOAA observation at 2026-06-28T10:59:00
2026-06-29 11:07:03.264 | INFO     | database.supabase_client:upsert_observations:18 - Upserted 1 observations to Supabase
2026-06-29 11:07:03.264 | INFO     | ingestion.noaa_fetcher:fetch_and_store:88 - Stored NOAA observation at 2026-06-28T11:05:00
2026-06-29 11:12:03.373 | INFO     | database.supabase_client:upsert_observations:18 - Upserted 1 observations to Supabase
2026-06-29 11:12:03.374 | INFO     | ingestion.noaa_fetcher:fetch_and_store:88 - Stored NOAA observation at 2026-06-28T11:08:00
2026-06-29 11:16:50.785 | INFO     | database.supabase_client:upsert_observations:18 - Upserted 1 observations to Supabase
2026-06-29 11:16:50.786 | INFO     | ingestion.noaa_fetcher:fetch_and_store:88 - Stored NOAA observation at 2026-06-28T11:14:35
2026-06-29 11:17:03.006 | INFO     | database.supabase_client:upsert_observations:18 - Upserted 1 observations to Supabase
2026-06-29 11:17:03.006 | INFO     | ingestion.noaa_fetcher:fetch_and_store:88 - Stored NOAA observation at 2026-06-28T11:14:35
2026-06-29 11:17:27.114 | INFO     | database.supabase_client:upsert_observations:18 - Upserted 1 observations to Supabase
2026-06-29 11:17:27.114 | INFO     | ingestion.noaa_fetcher:fetch_and_store:88 - Stored NOAA observation at 2026-06-28T11:14:35
2026-06-29 11:21:51.472 | INFO     | database.supabase_client:upsert_observations:18 - Upserted 1 observations to Supabase
2026-06-29 11:21:51.475 | INFO     | ingestion.noaa_fetcher:fetch_and_store:88 - Stored NOAA observation at 2026-06-28T11:21:00
2026-06-29 11:22:03.058 | INFO     | database.supabase_client:upsert_observations:18 - Upserted 1 observations to Supabase
2026-06-29 11:22:03.059 | INFO     | ingestion.noaa_fetcher:fetch_and_store:88 - Stored NOAA observation at 2026-06-28T11:21:00
2026-06-29 11:22:27.691 | INFO     | database.supabase_client:upsert_observations:18 - Upserted 1 observations to Supabase
2026-06-29 11:22:27.691 | INFO     | ingestion.noaa_fetcher:fetch_and_store:88 - Stored NOAA observation at 2026-06-28T11:21:00
2026-06-29 11:26:51.576 | INFO     | database.supabase_client:upsert_observations:18 - Upserted 1 observations to Supabase
2026-06-29 11:26:51.576 | INFO     | ingestion.noaa_fetcher:fetch_and_store:88 - Stored NOAA observation at 2026-06-28T11:24:00
2026-06-29 11:27:02.993 | INFO     | database.supabase_client:upsert_observations:18 - Upserted 1 observations to Supabase
2026-06-29 11:27:02.994 | INFO     | ingestion.noaa_fetcher:fetch_and_store:88 - Stored NOAA observation at 2026-06-28T11:24:00
2026-06-29 11:29:16.257 | ERROR    | database.supabase_client:upsert_observations:20 - Supabase upsert failed: [Errno 104] Connection reset by peer
2026-06-29 11:29:16.271 | INFO     | ingestion.noaa_fetcher:fetch_and_store:88 - Stored NOAA observation at 2026-06-28T11:24:00
2026-06-29 11:29:56.712 | INFO     | database.supabase_client:upsert_observations:21 - Upserted 1 observations to Supabase
2026-06-29 11:29:56.714 | INFO     | ingestion.noaa_fetcher:fetch_and_store:88 - Stored NOAA observation at 2026-06-28T11:27:11
2026-06-29 11:31:51.541 | INFO     | database.supabase_client:upsert_observations:18 - Upserted 1 observations to Supabase
2026-06-29 11:31:51.542 | INFO     | ingestion.noaa_fetcher:fetch_and_store:88 - Stored NOAA observation at 2026-06-28T11:31:00
2026-06-29 11:32:03.229 | INFO     | database.supabase_client:upsert_observations:18 - Upserted 1 observations to Supabase
2026-06-29 11:32:03.229 | INFO     | ingestion.noaa_fetcher:fetch_and_store:88 - Stored NOAA observation at 2026-06-28T11:31:00
2026-06-29 11:32:27.679 | INFO     | database.supabase_client:upsert_observations:18 - Upserted 1 observations to Supabase
2026-06-29 11:32:27.679 | INFO     | ingestion.noaa_fetcher:fetch_and_store:88 - Stored NOAA observation at 2026-06-28T11:31:00
2026-06-29 11:34:57.536 | INFO     | database.supabase_client:upsert_observations:21 - Upserted 1 observations to Supabase
2026-06-29 11:34:57.536 | INFO     | ingestion.noaa_fetcher:fetch_and_store:88 - Stored NOAA observation at 2026-06-28T11:31:00
2026-06-29 11:35:15.939 | INFO     | database.supabase_client:upsert_observations:21 - Upserted 1 observations to Supabase
2026-06-29 11:35:15.939 | INFO     | ingestion.noaa_fetcher:fetch_and_store:88 - Stored NOAA observation at 2026-06-28T11:31:00
2026-06-29 11:36:51.272 | INFO     | database.supabase_client:upsert_observations:18 - Upserted 1 observations to Supabase
2026-06-29 11:36:51.274 | INFO     | ingestion.noaa_fetcher:fetch_and_store:88 - Stored NOAA observation at 2026-06-28T11:34:00
2026-06-29 11:37:03.196 | INFO     | database.supabase_client:upsert_observations:18 - Upserted 1 observations to Supabase
2026-06-29 11:37:03.196 | INFO     | ingestion.noaa_fetcher:fetch_and_store:88 - Stored NOAA observation at 2026-06-28T11:34:00
2026-06-29 11:37:28.040 | INFO     | database.supabase_client:upsert_observations:18 - Upserted 1 observations to Supabase
2026-06-29 11:37:28.046 | INFO     | ingestion.noaa_fetcher:fetch_and_store:88 - Stored NOAA observation at 2026-06-28T11:34:00
2026-06-29 11:39:57.406 | INFO     | database.supabase_client:upsert_observations:21 - Upserted 1 observations to Supabase
2026-06-29 11:39:57.406 | INFO     | ingestion.noaa_fetcher:fetch_and_store:88 - Stored NOAA observation at 2026-06-28T11:36:11
2026-06-29 11:40:16.659 | INFO     | database.supabase_client:upsert_observations:21 - Upserted 1 observations to Supabase
2026-06-29 11:40:16.659 | INFO     | ingestion.noaa_fetcher:fetch_and_store:88 - Stored NOAA observation at 2026-06-28T11:36:11
2026-06-29 11:41:51.546 | INFO     | database.supabase_client:upsert_observations:18 - Upserted 1 observations to Supabase
2026-06-29 11:41:51.546 | INFO     | ingestion.noaa_fetcher:fetch_and_store:88 - Stored NOAA observation at 2026-06-28T11:40:00
2026-06-29 11:42:03.004 | INFO     | database.supabase_client:upsert_observations:18 - Upserted 1 observations to Supabase
2026-06-29 11:42:03.004 | INFO     | ingestion.noaa_fetcher:fetch_and_store:88 - Stored NOAA observation at 2026-06-28T11:40:00
2026-06-29 11:42:27.512 | INFO     | database.supabase_client:upsert_observations:18 - Upserted 1 observations to Supabase
2026-06-29 11:42:27.512 | INFO     | ingestion.noaa_fetcher:fetch_and_store:88 - Stored NOAA observation at 2026-06-28T11:40:00
2026-06-29 11:44:57.622 | INFO     | database.supabase_client:upsert_observations:21 - Upserted 1 observations to Supabase
2026-06-29 11:44:57.623 | INFO     | ingestion.noaa_fetcher:fetch_and_store:88 - Stored NOAA observation at 2026-06-28T11:43:00
2026-06-29 11:45:16.315 | INFO     | database.supabase_client:upsert_observations:21 - Upserted 1 observations to Supabase
2026-06-29 11:45:16.315 | INFO     | ingestion.noaa_fetcher:fetch_and_store:88 - Stored NOAA observation at 2026-06-28T11:43:00
2026-06-29 11:46:51.375 | INFO     | database.supabase_client:upsert_observations:18 - Upserted 1 observations to Supabase
2026-06-29 11:46:51.375 | INFO     | ingestion.noaa_fetcher:fetch_and_store:88 - Stored NOAA observation at 2026-06-28T11:46:00
2026-06-29 11:47:02.973 | INFO     | database.supabase_client:upsert_observations:18 - Upserted 1 observations to Supabase
2026-06-29 11:47:02.974 | INFO     | ingestion.noaa_fetcher:fetch_and_store:88 - Stored NOAA observation at 2026-06-28T11:46:00
2026-06-29 11:47:27.494 | INFO     | database.supabase_client:upsert_observations:18 - Upserted 1 observations to Supabase
2026-06-29 11:47:27.494 | INFO     | ingestion.noaa_fetcher:fetch_and_store:88 - Stored NOAA observation at 2026-06-28T11:46:00
2026-06-29 11:49:57.324 | INFO     | database.supabase_client:upsert_observations:21 - Upserted 1 observations to Supabase
2026-06-29 11:49:57.326 | INFO     | ingestion.noaa_fetcher:fetch_and_store:88 - Stored NOAA observation at 2026-06-28T11:48:00
2026-06-29 11:50:16.295 | INFO     | database.supabase_client:upsert_observations:21 - Upserted 1 observations to Supabase
2026-06-29 11:50:16.296 | INFO     | ingestion.noaa_fetcher:fetch_and_store:88 - Stored NOAA observation at 2026-06-28T11:48:00
2026-06-29 11:51:52.013 | INFO     | database.supabase_client:upsert_observations:18 - Upserted 1 observations to Supabase
2026-06-29 11:51:52.013 | INFO     | ingestion.noaa_fetcher:fetch_and_store:88 - Stored NOAA observation at 2026-06-28T11:48:00
2026-06-29 11:52:03.010 | INFO     | database.supabase_client:upsert_observations:18 - Upserted 1 observations to Supabase
2026-06-29 11:52:03.011 | INFO     | ingestion.noaa_fetcher:fetch_and_store:88 - Stored NOAA observation at 2026-06-28T11:48:00
2026-06-29 11:52:27.912 | INFO     | database.supabase_client:upsert_observations:18 - Upserted 1 observations to Supabase
2026-06-29 11:52:27.912 | INFO     | ingestion.noaa_fetcher:fetch_and_store:88 - Stored NOAA observation at 2026-06-28T11:52:00
2026-06-29 11:54:57.302 | INFO     | database.supabase_client:upsert_observations:21 - Upserted 1 observations to Supabase
2026-06-29 11:54:57.302 | INFO     | ingestion.noaa_fetcher:fetch_and_store:88 - Stored NOAA observation at 2026-06-28T11:52:00
2026-06-29 11:55:16.629 | INFO     | database.supabase_client:upsert_observations:21 - Upserted 1 observations to Supabase
2026-06-29 11:55:16.630 | INFO     | ingestion.noaa_fetcher:fetch_and_store:88 - Stored NOAA observation at 2026-06-28T11:52:00
2026-06-29 11:56:51.457 | INFO     | database.supabase_client:upsert_observations:18 - Upserted 1 observations to Supabase
2026-06-29 11:56:51.457 | INFO     | ingestion.noaa_fetcher:fetch_and_store:88 - Stored NOAA observation at 2026-06-28T11:55:00
2026-06-29 11:57:03.035 | INFO     | database.supabase_client:upsert_observations:18 - Upserted 1 observations to Supabase
2026-06-29 11:57:03.035 | INFO     | ingestion.noaa_fetcher:fetch_and_store:88 - Stored NOAA observation at 2026-06-28T11:55:00
2026-06-29 11:57:27.480 | INFO     | database.supabase_client:upsert_observations:18 - Upserted 1 observations to Supabase
2026-06-29 11:57:27.480 | INFO     | ingestion.noaa_fetcher:fetch_and_store:88 - Stored NOAA observation at 2026-06-28T11:55:00
2026-06-29 11:59:57.838 | INFO     | database.supabase_client:upsert_observations:21 - Upserted 1 observations to Supabase
2026-06-29 11:59:57.839 | INFO     | ingestion.noaa_fetcher:fetch_and_store:88 - Stored NOAA observation at 2026-06-28T11:58:00
2026-06-29 12:00:16.243 | ERROR    | ingestion.noaa_fetcher:fetch_electron_flux:62 - Electron flux fetch failed: Extra data: line 1 column 29362 (char 29361)
2026-06-29 12:00:16.425 | INFO     | database.supabase_client:upsert_observations:21 - Upserted 1 observations to Supabase
2026-06-29 12:00:16.425 | INFO     | ingestion.noaa_fetcher:fetch_and_store:88 - Stored NOAA observation at 2026-06-28T11:58:00
2026-06-29 12:01:51.938 | INFO     | database.supabase_client:upsert_observations:18 - Upserted 1 observations to Supabase
2026-06-29 12:01:51.940 | INFO     | ingestion.noaa_fetcher:fetch_and_store:88 - Stored NOAA observation at 2026-06-28T11:58:00
2026-06-29 12:02:03.292 | INFO     | database.supabase_client:upsert_observations:18 - Upserted 1 observations to Supabase
2026-06-29 12:02:03.293 | INFO     | ingestion.noaa_fetcher:fetch_and_store:88 - Stored NOAA observation at 2026-06-28T11:58:00
2026-06-29 12:02:27.518 | INFO     | database.supabase_client:upsert_observations:18 - Upserted 1 observations to Supabase
2026-06-29 12:02:27.518 | INFO     | ingestion.noaa_fetcher:fetch_and_store:88 - Stored NOAA observation at 2026-06-28T11:58:00
2026-06-29 12:04:57.264 | INFO     | database.supabase_client:upsert_observations:21 - Upserted 1 observations to Supabase
2026-06-29 12:04:57.267 | INFO     | ingestion.noaa_fetcher:fetch_and_store:88 - Stored NOAA observation at 2026-06-28T12:02:00
2026-06-29 12:05:16.762 | INFO     | database.supabase_client:upsert_observations:21 - Upserted 1 observations to Supabase
2026-06-29 12:05:16.762 | INFO     | ingestion.noaa_fetcher:fetch_and_store:88 - Stored NOAA observation at 2026-06-28T12:02:00
2026-06-29 12:06:51.308 | INFO     | database.supabase_client:upsert_observations:18 - Upserted 1 observations to Supabase
2026-06-29 12:06:51.308 | INFO     | ingestion.noaa_fetcher:fetch_and_store:88 - Stored NOAA observation at 2026-06-28T12:02:00
2026-06-29 12:07:03.265 | INFO     | database.supabase_client:upsert_observations:18 - Upserted 1 observations to Supabase
2026-06-29 12:07:03.270 | INFO     | ingestion.noaa_fetcher:fetch_and_store:88 - Stored NOAA observation at 2026-06-28T12:02:00
2026-06-29 12:07:28.217 | INFO     | database.supabase_client:upsert_observations:18 - Upserted 1 observations to Supabase
2026-06-29 12:07:28.217 | INFO     | ingestion.noaa_fetcher:fetch_and_store:88 - Stored NOAA observation at 2026-06-28T12:07:00
2026-06-29 12:09:57.517 | INFO     | database.supabase_client:upsert_observations:21 - Upserted 1 observations to Supabase
2026-06-29 12:09:57.518 | INFO     | ingestion.noaa_fetcher:fetch_and_store:88 - Stored NOAA observation at 2026-06-28T12:07:00
2026-06-29 12:10:16.351 | INFO     | database.supabase_client:upsert_observations:21 - Upserted 1 observations to Supabase
2026-06-29 12:10:16.351 | INFO     | ingestion.noaa_fetcher:fetch_and_store:88 - Stored NOAA observation at 2026-06-28T12:07:00
2026-06-29 12:11:51.467 | INFO     | database.supabase_client:upsert_observations:18 - Upserted 1 observations to Supabase
2026-06-29 12:11:51.468 | INFO     | ingestion.noaa_fetcher:fetch_and_store:88 - Stored NOAA observation at 2026-06-28T12:10:00
2026-06-29 12:12:03.077 | INFO     | database.supabase_client:upsert_observations:18 - Upserted 1 observations to Supabase
2026-06-29 12:12:03.077 | INFO     | ingestion.noaa_fetcher:fetch_and_store:88 - Stored NOAA observation at 2026-06-28T12:10:00
2026-06-29 12:12:27.562 | INFO     | database.supabase_client:upsert_observations:18 - Upserted 1 observations to Supabase
2026-06-29 12:12:27.562 | INFO     | ingestion.noaa_fetcher:fetch_and_store:88 - Stored NOAA observation at 2026-06-28T12:10:00
2026-06-29 12:14:57.647 | INFO     | database.supabase_client:upsert_observations:21 - Upserted 1 observations to Supabase
2026-06-29 12:14:57.647 | INFO     | ingestion.noaa_fetcher:fetch_and_store:88 - Stored NOAA observation at 2026-06-28T12:10:00
2026-06-29 12:15:16.424 | INFO     | database.supabase_client:upsert_observations:21 - Upserted 1 observations to Supabase
2026-06-29 12:15:16.424 | INFO     | ingestion.noaa_fetcher:fetch_and_store:88 - Stored NOAA observation at 2026-06-28T12:10:00
2026-06-29 12:16:51.225 | INFO     | database.supabase_client:upsert_observations:18 - Upserted 1 observations to Supabase
2026-06-29 12:16:51.227 | INFO     | ingestion.noaa_fetcher:fetch_and_store:88 - Stored NOAA observation at 2026-06-28T12:14:11
2026-06-29 12:17:02.984 | INFO     | database.supabase_client:upsert_observations:18 - Upserted 1 observations to Supabase
2026-06-29 12:17:02.984 | INFO     | ingestion.noaa_fetcher:fetch_and_store:88 - Stored NOAA observation at 2026-06-28T12:14:11
2026-06-29 12:17:27.626 | INFO     | database.supabase_client:upsert_observations:18 - Upserted 1 observations to Supabase
2026-06-29 12:17:27.627 | INFO     | ingestion.noaa_fetcher:fetch_and_store:88 - Stored NOAA observation at 2026-06-28T12:14:11
2026-06-29 12:19:57.692 | INFO     | database.supabase_client:upsert_observations:21 - Upserted 1 observations to Supabase
2026-06-29 12:19:57.692 | INFO     | ingestion.noaa_fetcher:fetch_and_store:88 - Stored NOAA observation at 2026-06-28T12:18:11
2026-06-29 12:20:16.624 | INFO     | database.supabase_client:upsert_observations:21 - Upserted 1 observations to Supabase
2026-06-29 12:20:16.624 | INFO     | ingestion.noaa_fetcher:fetch_and_store:88 - Stored NOAA observation at 2026-06-28T12:18:11
2026-06-29 12:21:51.423 | INFO     | database.supabase_client:upsert_observations:18 - Upserted 1 observations to Supabase
2026-06-29 12:21:51.423 | INFO     | ingestion.noaa_fetcher:fetch_and_store:88 - Stored NOAA observation at 2026-06-28T12:18:11
2026-06-29 12:22:03.014 | INFO     | database.supabase_client:upsert_observations:18 - Upserted 1 observations to Supabase
2026-06-29 12:22:03.015 | INFO     | ingestion.noaa_fetcher:fetch_and_store:88 - Stored NOAA observation at 2026-06-28T12:18:11
2026-06-29 12:22:27.482 | INFO     | database.supabase_client:upsert_observations:18 - Upserted 1 observations to Supabase
2026-06-29 12:22:27.483 | INFO     | ingestion.noaa_fetcher:fetch_and_store:88 - Stored NOAA observation at 2026-06-28T12:21:11
2026-06-29 12:24:57.513 | INFO     | database.supabase_client:upsert_observations:21 - Upserted 1 observations to Supabase
2026-06-29 12:24:57.515 | INFO     | ingestion.noaa_fetcher:fetch_and_store:88 - Stored NOAA observation at 2026-06-28T12:21:11
2026-06-29 12:25:16.359 | INFO     | database.supabase_client:upsert_observations:21 - Upserted 1 observations to Supabase
2026-06-29 12:25:16.360 | INFO     | ingestion.noaa_fetcher:fetch_and_store:88 - Stored NOAA observation at 2026-06-28T12:21:11
2026-06-29 12:26:51.265 | INFO     | database.supabase_client:upsert_observations:18 - Upserted 1 observations to Supabase
2026-06-29 12:26:51.265 | INFO     | ingestion.noaa_fetcher:fetch_and_store:88 - Stored NOAA observation at 2026-06-28T12:25:00
2026-06-29 12:27:02.958 | INFO     | database.supabase_client:upsert_observations:18 - Upserted 1 observations to Supabase
2026-06-29 12:27:02.958 | INFO     | ingestion.noaa_fetcher:fetch_and_store:88 - Stored NOAA observation at 2026-06-28T12:25:00
2026-06-29 12:27:27.509 | INFO     | database.supabase_client:upsert_observations:18 - Upserted 1 observations to Supabase
2026-06-29 12:27:27.509 | INFO     | ingestion.noaa_fetcher:fetch_and_store:88 - Stored NOAA observation at 2026-06-28T12:25:00
2026-06-29 12:29:57.550 | INFO     | database.supabase_client:upsert_observations:21 - Upserted 1 observations to Supabase
2026-06-29 12:29:57.550 | INFO     | ingestion.noaa_fetcher:fetch_and_store:88 - Stored NOAA observation at 2026-06-28T12:28:00
2026-06-29 12:30:16.578 | INFO     | database.supabase_client:upsert_observations:21 - Upserted 1 observations to Supabase
2026-06-29 12:30:16.579 | INFO     | ingestion.noaa_fetcher:fetch_and_store:88 - Stored NOAA observation at 2026-06-28T12:28:00
2026-06-29 12:31:51.493 | INFO     | database.supabase_client:upsert_observations:18 - Upserted 1 observations to Supabase
2026-06-29 12:31:51.494 | INFO     | ingestion.noaa_fetcher:fetch_and_store:88 - Stored NOAA observation at 2026-06-28T12:28:00
2026-06-29 12:32:02.975 | INFO     | database.supabase_client:upsert_observations:18 - Upserted 1 observations to Supabase
2026-06-29 12:32:02.975 | INFO     | ingestion.noaa_fetcher:fetch_and_store:88 - Stored NOAA observation at 2026-06-28T12:28:00
2026-06-29 12:32:27.813 | INFO     | database.supabase_client:upsert_observations:18 - Upserted 1 observations to Supabase
2026-06-29 12:32:27.814 | INFO     | ingestion.noaa_fetcher:fetch_and_store:88 - Stored NOAA observation at 2026-06-28T12:31:00
2026-06-29 12:34:57.383 | INFO     | database.supabase_client:upsert_observations:21 - Upserted 1 observations to Supabase
2026-06-29 12:34:57.383 | INFO     | ingestion.noaa_fetcher:fetch_and_store:88 - Stored NOAA observation at 2026-06-28T12:31:00
2026-06-29 12:35:16.424 | INFO     | database.supabase_client:upsert_observations:21 - Upserted 1 observations to Supabase
2026-06-29 12:35:16.424 | INFO     | ingestion.noaa_fetcher:fetch_and_store:88 - Stored NOAA observation at 2026-06-28T12:31:00
2026-06-29 12:36:51.751 | INFO     | database.supabase_client:upsert_observations:18 - Upserted 1 observations to Supabase
2026-06-29 12:36:51.751 | INFO     | ingestion.noaa_fetcher:fetch_and_store:88 - Stored NOAA observation at 2026-06-28T12:34:11
2026-06-29 12:37:03.071 | INFO     | database.supabase_client:upsert_observations:18 - Upserted 1 observations to Supabase
2026-06-29 12:37:03.071 | INFO     | ingestion.noaa_fetcher:fetch_and_store:88 - Stored NOAA observation at 2026-06-28T12:34:11
2026-06-29 12:37:27.592 | INFO     | database.supabase_client:upsert_observations:18 - Upserted 1 observations to Supabase
2026-06-29 12:37:27.592 | INFO     | ingestion.noaa_fetcher:fetch_and_store:88 - Stored NOAA observation at 2026-06-28T12:34:11
2026-06-29 12:39:57.343 | INFO     | database.supabase_client:upsert_observations:21 - Upserted 1 observations to Supabase
2026-06-29 12:39:57.343 | INFO     | ingestion.noaa_fetcher:fetch_and_store:88 - Stored NOAA observation at 2026-06-28T12:39:00
2026-06-29 12:40:16.303 | INFO     | database.supabase_client:upsert_observations:21 - Upserted 1 observations to Supabase
2026-06-29 12:40:16.303 | INFO     | ingestion.noaa_fetcher:fetch_and_store:88 - Stored NOAA observation at 2026-06-28T12:39:00
2026-06-29 12:41:52.331 | INFO     | database.supabase_client:upsert_observations:18 - Upserted 1 observations to Supabase
2026-06-29 12:41:52.332 | INFO     | ingestion.noaa_fetcher:fetch_and_store:88 - Stored NOAA observation at 2026-06-28T12:39:00
2026-06-29 12:42:03.384 | INFO     | database.supabase_client:upsert_observations:18 - Upserted 1 observations to Supabase
2026-06-29 12:42:03.385 | INFO     | ingestion.noaa_fetcher:fetch_and_store:88 - Stored NOAA observation at 2026-06-28T12:39:00
2026-06-29 12:42:03.471 | INFO     | database.supabase_client:upsert_observations:22 - Upserted 1 observations to Supabase
2026-06-29 12:42:03.472 | INFO     | ingestion.noaa_fetcher:fetch_and_store:88 - Stored NOAA observation at 2026-06-28T12:39:00
2026-06-29 12:42:27.476 | INFO     | database.supabase_client:upsert_observations:18 - Upserted 1 observations to Supabase
2026-06-29 12:42:27.476 | INFO     | ingestion.noaa_fetcher:fetch_and_store:88 - Stored NOAA observation at 2026-06-28T12:39:00
2026-06-29 12:44:57.391 | INFO     | database.supabase_client:upsert_observations:21 - Upserted 1 observations to Supabase
2026-06-29 12:44:57.391 | INFO     | ingestion.noaa_fetcher:fetch_and_store:88 - Stored NOAA observation at 2026-06-28T12:42:11
2026-06-29 12:45:16.534 | INFO     | database.supabase_client:upsert_observations:21 - Upserted 1 observations to Supabase
2026-06-29 12:45:16.534 | INFO     | ingestion.noaa_fetcher:fetch_and_store:88 - Stored NOAA observation at 2026-06-28T12:42:11
2026-06-29 12:46:51.338 | INFO     | database.supabase_client:upsert_observations:18 - Upserted 1 observations to Supabase
2026-06-29 12:46:51.338 | INFO     | ingestion.noaa_fetcher:fetch_and_store:88 - Stored NOAA observation at 2026-06-28T12:46:00
2026-06-29 12:47:02.969 | INFO     | database.supabase_client:upsert_observations:18 - Upserted 1 observations to Supabase
2026-06-29 12:47:02.969 | INFO     | ingestion.noaa_fetcher:fetch_and_store:88 - Stored NOAA observation at 2026-06-28T12:46:00
2026-06-29 12:47:04.218 | INFO     | database.supabase_client:upsert_observations:22 - Upserted 1 observations to Supabase
2026-06-29 12:47:04.218 | INFO     | ingestion.noaa_fetcher:fetch_and_store:88 - Stored NOAA observation at 2026-06-28T12:46:00
2026-06-29 12:47:27.607 | INFO     | database.supabase_client:upsert_observations:18 - Upserted 1 observations to Supabase
2026-06-29 12:47:27.607 | INFO     | ingestion.noaa_fetcher:fetch_and_store:88 - Stored NOAA observation at 2026-06-28T12:46:00
2026-06-29 12:50:16.321 | INFO     | database.supabase_client:upsert_observations:21 - Upserted 1 observations to Supabase
2026-06-29 12:50:16.321 | INFO     | ingestion.noaa_fetcher:fetch_and_store:88 - Stored NOAA observation at 2026-06-28T12:46:00
2026-06-29 12:51:44.223 | ERROR    | database.supabase_client:upsert_observations:23 - Supabase upsert failed: [Errno 104] Connection reset by peer
2026-06-29 12:51:44.223 | INFO     | ingestion.noaa_fetcher:fetch_and_store:88 - Stored NOAA observation at 2026-06-28T12:46:00
2026-06-29 12:51:51.472 | INFO     | database.supabase_client:upsert_observations:18 - Upserted 1 observations to Supabase
2026-06-29 12:51:51.473 | INFO     | ingestion.noaa_fetcher:fetch_and_store:88 - Stored NOAA observation at 2026-06-28T12:49:00
2026-06-29 12:52:02.971 | INFO     | database.supabase_client:upsert_observations:18 - Upserted 1 observations to Supabase
2026-06-29 12:52:02.971 | INFO     | ingestion.noaa_fetcher:fetch_and_store:88 - Stored NOAA observation at 2026-06-28T12:49:00
2026-06-29 12:52:03.985 | INFO     | database.supabase_client:upsert_observations:22 - Upserted 1 observations to Supabase
2026-06-29 12:52:03.985 | INFO     | ingestion.noaa_fetcher:fetch_and_store:88 - Stored NOAA observation at 2026-06-28T12:49:00
2026-06-29 12:52:27.731 | INFO     | database.supabase_client:upsert_observations:18 - Upserted 1 observations to Supabase
2026-06-29 12:52:27.735 | INFO     | ingestion.noaa_fetcher:fetch_and_store:88 - Stored NOAA observation at 2026-06-28T12:49:00
2026-06-29 12:54:57.501 | INFO     | database.supabase_client:upsert_observations:21 - Upserted 1 observations to Supabase
2026-06-29 12:54:57.501 | INFO     | ingestion.noaa_fetcher:fetch_and_store:88 - Stored NOAA observation at 2026-06-28T12:53:00
2026-06-29 12:55:16.673 | INFO     | database.supabase_client:upsert_observations:21 - Upserted 1 observations to Supabase
2026-06-29 12:55:16.673 | INFO     | ingestion.noaa_fetcher:fetch_and_store:88 - Stored NOAA observation at 2026-06-28T12:53:00
2026-06-29 12:56:51.353 | INFO     | database.supabase_client:upsert_observations:18 - Upserted 1 observations to Supabase
2026-06-29 12:56:51.353 | INFO     | ingestion.noaa_fetcher:fetch_and_store:88 - Stored NOAA observation at 2026-06-28T12:56:00
2026-06-29 12:57:02.978 | INFO     | database.supabase_client:upsert_observations:18 - Upserted 1 observations to Supabase
2026-06-29 12:57:02.978 | INFO     | ingestion.noaa_fetcher:fetch_and_store:88 - Stored NOAA observation at 2026-06-28T12:56:00
2026-06-29 12:57:03.952 | INFO     | database.supabase_client:upsert_observations:22 - Upserted 1 observations to Supabase
2026-06-29 12:57:03.953 | INFO     | ingestion.noaa_fetcher:fetch_and_store:88 - Stored NOAA observation at 2026-06-28T12:56:00
2026-06-29 12:57:27.476 | INFO     | database.supabase_client:upsert_observations:18 - Upserted 1 observations to Supabase
2026-06-29 12:57:27.478 | INFO     | ingestion.noaa_fetcher:fetch_and_store:88 - Stored NOAA observation at 2026-06-28T12:56:00
2026-06-29 12:59:57.384 | INFO     | database.supabase_client:upsert_observations:21 - Upserted 1 observations to Supabase
2026-06-29 12:59:57.384 | INFO     | ingestion.noaa_fetcher:fetch_and_store:88 - Stored NOAA observation at 2026-06-28T12:56:00
2026-06-29 13:00:16.691 | INFO     | database.supabase_client:upsert_observations:21 - Upserted 1 observations to Supabase
2026-06-29 13:00:16.693 | INFO     | ingestion.noaa_fetcher:fetch_and_store:88 - Stored NOAA observation at 2026-06-28T12:56:00
2026-06-29 13:01:51.441 | INFO     | database.supabase_client:upsert_observations:18 - Upserted 1 observations to Supabase
2026-06-29 13:01:51.441 | INFO     | ingestion.noaa_fetcher:fetch_and_store:88 - Stored NOAA observation at 2026-06-28T13:00:11
2026-06-29 13:02:02.971 | INFO     | database.supabase_client:upsert_observations:18 - Upserted 1 observations to Supabase
2026-06-29 13:02:02.971 | INFO     | ingestion.noaa_fetcher:fetch_and_store:88 - Stored NOAA observation at 2026-06-28T13:00:11
2026-06-29 13:02:04.022 | INFO     | database.supabase_client:upsert_observations:22 - Upserted 1 observations to Supabase
2026-06-29 13:02:04.022 | INFO     | ingestion.noaa_fetcher:fetch_and_store:88 - Stored NOAA observation at 2026-06-28T13:00:11
2026-06-29 13:02:28.425 | INFO     | database.supabase_client:upsert_observations:18 - Upserted 1 observations to Supabase
2026-06-29 13:02:28.425 | INFO     | ingestion.noaa_fetcher:fetch_and_store:88 - Stored NOAA observation at 2026-06-28T13:00:11
2026-06-29 13:04:57.390 | INFO     | database.supabase_client:upsert_observations:21 - Upserted 1 observations to Supabase
2026-06-29 13:04:57.390 | INFO     | ingestion.noaa_fetcher:fetch_and_store:88 - Stored NOAA observation at 2026-06-28T13:00:11
2026-06-29 13:05:16.328 | INFO     | database.supabase_client:upsert_observations:21 - Upserted 1 observations to Supabase
2026-06-29 13:05:16.328 | INFO     | ingestion.noaa_fetcher:fetch_and_store:88 - Stored NOAA observation at 2026-06-28T13:00:11
2026-06-29 13:06:51.352 | INFO     | database.supabase_client:upsert_observations:18 - Upserted 1 observations to Supabase
2026-06-29 13:06:51.352 | INFO     | ingestion.noaa_fetcher:fetch_and_store:88 - Stored NOAA observation at 2026-06-28T13:04:00
2026-06-29 13:07:03.227 | INFO     | database.supabase_client:upsert_observations:18 - Upserted 1 observations to Supabase
2026-06-29 13:07:03.227 | INFO     | ingestion.noaa_fetcher:fetch_and_store:88 - Stored NOAA observation at 2026-06-28T13:04:00
2026-06-29 13:07:03.987 | INFO     | database.supabase_client:upsert_observations:22 - Upserted 1 observations to Supabase
2026-06-29 13:07:03.987 | INFO     | ingestion.noaa_fetcher:fetch_and_store:88 - Stored NOAA observation at 2026-06-28T13:04:00
2026-06-29 13:07:27.480 | INFO     | database.supabase_client:upsert_observations:18 - Upserted 1 observations to Supabase
2026-06-29 13:07:27.480 | INFO     | ingestion.noaa_fetcher:fetch_and_store:88 - Stored NOAA observation at 2026-06-28T13:04:00
2026-06-29 13:09:57.367 | INFO     | database.supabase_client:upsert_observations:21 - Upserted 1 observations to Supabase
2026-06-29 13:09:57.367 | INFO     | ingestion.noaa_fetcher:fetch_and_store:88 - Stored NOAA observation at 2026-06-28T13:07:11
2026-06-29 13:10:16.308 | INFO     | database.supabase_client:upsert_observations:21 - Upserted 1 observations to Supabase
2026-06-29 13:10:16.309 | INFO     | ingestion.noaa_fetcher:fetch_and_store:88 - Stored NOAA observation at 2026-06-28T13:07:11
2026-06-29 13:11:51.398 | INFO     | database.supabase_client:upsert_observations:18 - Upserted 1 observations to Supabase
2026-06-29 13:11:51.399 | INFO     | ingestion.noaa_fetcher:fetch_and_store:88 - Stored NOAA observation at 2026-06-28T13:10:11
2026-06-29 13:12:02.981 | INFO     | database.supabase_client:upsert_observations:18 - Upserted 1 observations to Supabase
2026-06-29 13:12:02.981 | INFO     | ingestion.noaa_fetcher:fetch_and_store:88 - Stored NOAA observation at 2026-06-28T13:10:11
2026-06-29 13:12:04.186 | INFO     | database.supabase_client:upsert_observations:22 - Upserted 1 observations to Supabase
2026-06-29 13:12:04.187 | INFO     | ingestion.noaa_fetcher:fetch_and_store:88 - Stored NOAA observation at 2026-06-28T13:10:11
2026-06-29 13:12:27.507 | INFO     | database.supabase_client:upsert_observations:18 - Upserted 1 observations to Supabase
2026-06-29 13:12:27.507 | INFO     | ingestion.noaa_fetcher:fetch_and_store:88 - Stored NOAA observation at 2026-06-28T13:10:11
2026-06-29 13:14:57.527 | INFO     | database.supabase_client:upsert_observations:21 - Upserted 1 observations to Supabase
2026-06-29 13:14:57.528 | INFO     | ingestion.noaa_fetcher:fetch_and_store:88 - Stored NOAA observation at 2026-06-28T13:13:11
2026-06-29 13:15:16.397 | INFO     | database.supabase_client:upsert_observations:21 - Upserted 1 observations to Supabase
2026-06-29 13:15:16.397 | INFO     | ingestion.noaa_fetcher:fetch_and_store:88 - Stored NOAA observation at 2026-06-28T13:13:11
2026-06-29 13:16:51.222 | INFO     | database.supabase_client:upsert_observations:18 - Upserted 1 observations to Supabase
2026-06-29 13:16:51.222 | INFO     | ingestion.noaa_fetcher:fetch_and_store:88 - Stored NOAA observation at 2026-06-28T13:13:11
2026-06-29 13:17:02.981 | INFO     | database.supabase_client:upsert_observations:18 - Upserted 1 observations to Supabase
2026-06-29 13:17:02.981 | INFO     | ingestion.noaa_fetcher:fetch_and_store:88 - Stored NOAA observation at 2026-06-28T13:13:11
2026-06-29 13:17:03.940 | INFO     | database.supabase_client:upsert_observations:22 - Upserted 1 observations to Supabase
2026-06-29 13:17:03.940 | INFO     | ingestion.noaa_fetcher:fetch_and_store:88 - Stored NOAA observation at 2026-06-28T13:13:11
2026-06-29 13:17:27.735 | INFO     | database.supabase_client:upsert_observations:18 - Upserted 1 observations to Supabase
2026-06-29 13:17:27.736 | INFO     | ingestion.noaa_fetcher:fetch_and_store:88 - Stored NOAA observation at 2026-06-28T13:13:11
2026-06-29 13:19:57.315 | INFO     | database.supabase_client:upsert_observations:21 - Upserted 1 observations to Supabase
2026-06-29 13:19:57.315 | INFO     | ingestion.noaa_fetcher:fetch_and_store:88 - Stored NOAA observation at 2026-06-28T13:17:00
2026-06-29 13:20:16.312 | INFO     | database.supabase_client:upsert_observations:21 - Upserted 1 observations to Supabase
2026-06-29 13:20:16.313 | INFO     | ingestion.noaa_fetcher:fetch_and_store:88 - Stored NOAA observation at 2026-06-28T13:17:00
2026-06-29 13:21:51.429 | INFO     | database.supabase_client:upsert_observations:18 - Upserted 1 observations to Supabase
2026-06-29 13:21:51.429 | INFO     | ingestion.noaa_fetcher:fetch_and_store:88 - Stored NOAA observation at 2026-06-28T13:20:00
2026-06-29 13:22:03.058 | INFO     | database.supabase_client:upsert_observations:18 - Upserted 1 observations to Supabase
2026-06-29 13:22:03.058 | INFO     | ingestion.noaa_fetcher:fetch_and_store:88 - Stored NOAA observation at 2026-06-28T13:20:00
2026-06-29 13:22:04.044 | INFO     | database.supabase_client:upsert_observations:22 - Upserted 1 observations to Supabase
2026-06-29 13:22:04.044 | INFO     | ingestion.noaa_fetcher:fetch_and_store:88 - Stored NOAA observation at 2026-06-28T13:20:00
2026-06-29 13:22:27.761 | INFO     | database.supabase_client:upsert_observations:18 - Upserted 1 observations to Supabase
2026-06-29 13:22:27.762 | INFO     | ingestion.noaa_fetcher:fetch_and_store:88 - Stored NOAA observation at 2026-06-28T13:20:00
2026-06-29 13:24:57.509 | INFO     | database.supabase_client:upsert_observations:21 - Upserted 1 observations to Supabase
2026-06-29 13:24:57.509 | INFO     | ingestion.noaa_fetcher:fetch_and_store:88 - Stored NOAA observation at 2026-06-28T13:24:00
2026-06-29 13:25:16.349 | INFO     | database.supabase_client:upsert_observations:21 - Upserted 1 observations to Supabase
2026-06-29 13:25:16.349 | INFO     | ingestion.noaa_fetcher:fetch_and_store:88 - Stored NOAA observation at 2026-06-28T13:24:00
2026-06-29 13:26:51.321 | INFO     | database.supabase_client:upsert_observations:18 - Upserted 1 observations to Supabase
2026-06-29 13:26:51.321 | INFO     | ingestion.noaa_fetcher:fetch_and_store:88 - Stored NOAA observation at 2026-06-28T13:24:00
2026-06-29 13:27:02.960 | INFO     | database.supabase_client:upsert_observations:18 - Upserted 1 observations to Supabase
2026-06-29 13:27:02.961 | INFO     | ingestion.noaa_fetcher:fetch_and_store:88 - Stored NOAA observation at 2026-06-28T13:24:00
2026-06-29 13:27:03.970 | INFO     | database.supabase_client:upsert_observations:22 - Upserted 1 observations to Supabase
2026-06-29 13:27:03.971 | INFO     | ingestion.noaa_fetcher:fetch_and_store:88 - Stored NOAA observation at 2026-06-28T13:24:00
2026-06-29 13:27:27.500 | INFO     | database.supabase_client:upsert_observations:18 - Upserted 1 observations to Supabase
2026-06-29 13:27:27.500 | INFO     | ingestion.noaa_fetcher:fetch_and_store:88 - Stored NOAA observation at 2026-06-28T13:24:00
2026-06-29 13:29:57.785 | INFO     | database.supabase_client:upsert_observations:21 - Upserted 1 observations to Supabase
2026-06-29 13:29:57.785 | INFO     | ingestion.noaa_fetcher:fetch_and_store:88 - Stored NOAA observation at 2026-06-28T13:27:00
2026-06-29 13:30:16.438 | INFO     | database.supabase_client:upsert_observations:21 - Upserted 1 observations to Supabase
2026-06-29 13:30:16.439 | INFO     | ingestion.noaa_fetcher:fetch_and_store:88 - Stored NOAA observation at 2026-06-28T13:27:00
2026-06-29 13:31:51.738 | INFO     | database.supabase_client:upsert_observations:18 - Upserted 1 observations to Supabase
2026-06-29 13:31:51.739 | INFO     | ingestion.noaa_fetcher:fetch_and_store:88 - Stored NOAA observation at 2026-06-28T13:29:11
2026-06-29 13:32:02.984 | INFO     | database.supabase_client:upsert_observations:18 - Upserted 1 observations to Supabase
2026-06-29 13:32:02.984 | INFO     | ingestion.noaa_fetcher:fetch_and_store:88 - Stored NOAA observation at 2026-06-28T13:29:11
2026-06-29 13:32:03.943 | INFO     | database.supabase_client:upsert_observations:22 - Upserted 1 observations to Supabase
2026-06-29 13:32:03.944 | INFO     | ingestion.noaa_fetcher:fetch_and_store:88 - Stored NOAA observation at 2026-06-28T13:29:11
2026-06-29 13:32:28.217 | INFO     | database.supabase_client:upsert_observations:18 - Upserted 1 observations to Supabase
2026-06-29 13:32:28.218 | INFO     | ingestion.noaa_fetcher:fetch_and_store:88 - Stored NOAA observation at 2026-06-28T13:29:11
2026-06-29 13:34:57.324 | INFO     | database.supabase_client:upsert_observations:21 - Upserted 1 observations to Supabase
2026-06-29 13:34:57.324 | INFO     | ingestion.noaa_fetcher:fetch_and_store:88 - Stored NOAA observation at 2026-06-28T13:33:00
2026-06-29 13:35:16.331 | INFO     | database.supabase_client:upsert_observations:21 - Upserted 1 observations to Supabase
2026-06-29 13:35:16.331 | INFO     | ingestion.noaa_fetcher:fetch_and_store:88 - Stored NOAA observation at 2026-06-28T13:33:00
2026-06-29 13:36:51.300 | INFO     | database.supabase_client:upsert_observations:18 - Upserted 1 observations to Supabase
2026-06-29 13:36:51.300 | INFO     | ingestion.noaa_fetcher:fetch_and_store:88 - Stored NOAA observation at 2026-06-28T13:36:00
2026-06-29 13:37:02.993 | INFO     | database.supabase_client:upsert_observations:18 - Upserted 1 observations to Supabase
2026-06-29 13:37:02.993 | INFO     | ingestion.noaa_fetcher:fetch_and_store:88 - Stored NOAA observation at 2026-06-28T13:36:00
2026-06-29 13:37:03.988 | INFO     | database.supabase_client:upsert_observations:22 - Upserted 1 observations to Supabase
2026-06-29 13:37:03.989 | INFO     | ingestion.noaa_fetcher:fetch_and_store:88 - Stored NOAA observation at 2026-06-28T13:36:00
2026-06-29 13:37:27.504 | INFO     | database.supabase_client:upsert_observations:18 - Upserted 1 observations to Supabase
2026-06-29 13:37:27.504 | INFO     | ingestion.noaa_fetcher:fetch_and_store:88 - Stored NOAA observation at 2026-06-28T13:36:00
2026-06-29 13:39:57.444 | INFO     | database.supabase_client:upsert_observations:21 - Upserted 1 observations to Supabase
2026-06-29 13:39:57.445 | INFO     | ingestion.noaa_fetcher:fetch_and_store:88 - Stored NOAA observation at 2026-06-28T13:36:00
2026-06-29 13:40:16.597 | INFO     | database.supabase_client:upsert_observations:21 - Upserted 1 observations to Supabase
2026-06-29 13:40:16.597 | INFO     | ingestion.noaa_fetcher:fetch_and_store:88 - Stored NOAA observation at 2026-06-28T13:36:00
2026-06-29 13:41:51.340 | INFO     | database.supabase_client:upsert_observations:18 - Upserted 1 observations to Supabase
2026-06-29 13:41:51.340 | INFO     | ingestion.noaa_fetcher:fetch_and_store:88 - Stored NOAA observation at 2026-06-28T13:40:00
2026-06-29 13:42:02.987 | INFO     | database.supabase_client:upsert_observations:18 - Upserted 1 observations to Supabase
2026-06-29 13:42:02.988 | INFO     | ingestion.noaa_fetcher:fetch_and_store:88 - Stored NOAA observation at 2026-06-28T13:40:00
2026-06-29 13:42:03.993 | INFO     | database.supabase_client:upsert_observations:22 - Upserted 1 observations to Supabase
2026-06-29 13:42:03.994 | INFO     | ingestion.noaa_fetcher:fetch_and_store:88 - Stored NOAA observation at 2026-06-28T13:40:00
2026-06-29 13:42:27.536 | INFO     | database.supabase_client:upsert_observations:18 - Upserted 1 observations to Supabase
2026-06-29 13:42:27.536 | INFO     | ingestion.noaa_fetcher:fetch_and_store:88 - Stored NOAA observation at 2026-06-28T13:40:00
2026-06-29 13:44:57.634 | INFO     | database.supabase_client:upsert_observations:21 - Upserted 1 observations to Supabase
2026-06-29 13:44:57.635 | INFO     | ingestion.noaa_fetcher:fetch_and_store:88 - Stored NOAA observation at 2026-06-28T13:42:11
2026-06-29 13:45:16.331 | INFO     | database.supabase_client:upsert_observations:21 - Upserted 1 observations to Supabase
2026-06-29 13:45:16.331 | INFO     | ingestion.noaa_fetcher:fetch_and_store:88 - Stored NOAA observation at 2026-06-28T13:42:11
2026-06-29 13:46:51.487 | INFO     | database.supabase_client:upsert_observations:18 - Upserted 1 observations to Supabase
2026-06-29 13:46:51.487 | INFO     | ingestion.noaa_fetcher:fetch_and_store:88 - Stored NOAA observation at 2026-06-28T13:46:00
2026-06-29 13:47:02.983 | INFO     | database.supabase_client:upsert_observations:18 - Upserted 1 observations to Supabase
2026-06-29 13:47:02.984 | INFO     | ingestion.noaa_fetcher:fetch_and_store:88 - Stored NOAA observation at 2026-06-28T13:46:00
2026-06-29 13:47:03.925 | INFO     | database.supabase_client:upsert_observations:22 - Upserted 1 observations to Supabase
2026-06-29 13:47:03.925 | INFO     | ingestion.noaa_fetcher:fetch_and_store:88 - Stored NOAA observation at 2026-06-28T13:46:00
2026-06-29 13:47:27.479 | INFO     | database.supabase_client:upsert_observations:18 - Upserted 1 observations to Supabase
2026-06-29 13:47:27.480 | INFO     | ingestion.noaa_fetcher:fetch_and_store:88 - Stored NOAA observation at 2026-06-28T13:46:00
2026-06-29 13:49:57.197 | INFO     | database.supabase_client:upsert_observations:21 - Upserted 1 observations to Supabase
2026-06-29 13:49:57.197 | INFO     | ingestion.noaa_fetcher:fetch_and_store:88 - Stored NOAA observation at 2026-06-28T13:49:11
2026-06-29 13:50:16.426 | INFO     | database.supabase_client:upsert_observations:21 - Upserted 1 observations to Supabase
2026-06-29 13:50:16.427 | INFO     | ingestion.noaa_fetcher:fetch_and_store:88 - Stored NOAA observation at 2026-06-28T13:49:11
2026-06-29 13:51:51.295 | INFO     | database.supabase_client:upsert_observations:18 - Upserted 1 observations to Supabase
2026-06-29 13:51:51.295 | INFO     | ingestion.noaa_fetcher:fetch_and_store:88 - Stored NOAA observation at 2026-06-28T13:49:11
2026-06-29 13:52:02.951 | INFO     | database.supabase_client:upsert_observations:18 - Upserted 1 observations to Supabase
2026-06-29 13:52:02.952 | INFO     | ingestion.noaa_fetcher:fetch_and_store:88 - Stored NOAA observation at 2026-06-28T13:49:11
2026-06-29 13:52:03.952 | INFO     | database.supabase_client:upsert_observations:22 - Upserted 1 observations to Supabase
2026-06-29 13:52:03.952 | INFO     | ingestion.noaa_fetcher:fetch_and_store:88 - Stored NOAA observation at 2026-06-28T13:49:11
2026-06-29 13:52:27.489 | INFO     | database.supabase_client:upsert_observations:18 - Upserted 1 observations to Supabase
2026-06-29 13:52:27.489 | INFO     | ingestion.noaa_fetcher:fetch_and_store:88 - Stored NOAA observation at 2026-06-28T13:49:11
2026-06-29 13:54:57.391 | INFO     | database.supabase_client:upsert_observations:21 - Upserted 1 observations to Supabase
2026-06-29 13:54:57.392 | INFO     | ingestion.noaa_fetcher:fetch_and_store:88 - Stored NOAA observation at 2026-06-28T13:53:00
2026-06-29 13:55:16.496 | INFO     | database.supabase_client:upsert_observations:21 - Upserted 1 observations to Supabase
2026-06-29 13:55:16.497 | INFO     | ingestion.noaa_fetcher:fetch_and_store:88 - Stored NOAA observation at 2026-06-28T13:53:00
2026-06-29 13:56:51.234 | INFO     | database.supabase_client:upsert_observations:18 - Upserted 1 observations to Supabase
2026-06-29 13:56:51.234 | INFO     | ingestion.noaa_fetcher:fetch_and_store:88 - Stored NOAA observation at 2026-06-28T13:55:11
2026-06-29 13:57:02.963 | INFO     | database.supabase_client:upsert_observations:18 - Upserted 1 observations to Supabase
2026-06-29 13:57:02.963 | INFO     | ingestion.noaa_fetcher:fetch_and_store:88 - Stored NOAA observation at 2026-06-28T13:55:11
2026-06-29 13:57:03.937 | INFO     | database.supabase_client:upsert_observations:22 - Upserted 1 observations to Supabase
2026-06-29 13:57:03.937 | INFO     | ingestion.noaa_fetcher:fetch_and_store:88 - Stored NOAA observation at 2026-06-28T13:55:11
2026-06-29 13:57:27.502 | INFO     | database.supabase_client:upsert_observations:18 - Upserted 1 observations to Supabase
2026-06-29 13:57:27.502 | INFO     | ingestion.noaa_fetcher:fetch_and_store:88 - Stored NOAA observation at 2026-06-28T13:55:11
2026-06-29 13:59:57.623 | INFO     | database.supabase_client:upsert_observations:21 - Upserted 1 observations to Supabase
2026-06-29 13:59:57.624 | INFO     | ingestion.noaa_fetcher:fetch_and_store:88 - Stored NOAA observation at 2026-06-28T13:59:00
2026-06-29 14:00:16.328 | INFO     | database.supabase_client:upsert_observations:21 - Upserted 1 observations to Supabase
2026-06-29 14:00:16.329 | INFO     | ingestion.noaa_fetcher:fetch_and_store:88 - Stored NOAA observation at 2026-06-28T13:59:00
2026-06-29 14:01:51.315 | INFO     | database.supabase_client:upsert_observations:18 - Upserted 1 observations to Supabase
2026-06-29 14:01:51.315 | INFO     | ingestion.noaa_fetcher:fetch_and_store:88 - Stored NOAA observation at 2026-06-28T13:59:00
2026-06-29 14:02:02.971 | INFO     | database.supabase_client:upsert_observations:18 - Upserted 1 observations to Supabase
2026-06-29 14:02:02.972 | INFO     | ingestion.noaa_fetcher:fetch_and_store:88 - Stored NOAA observation at 2026-06-28T13:59:00
2026-06-29 14:02:03.968 | INFO     | database.supabase_client:upsert_observations:22 - Upserted 1 observations to Supabase
2026-06-29 14:02:03.968 | INFO     | ingestion.noaa_fetcher:fetch_and_store:88 - Stored NOAA observation at 2026-06-28T13:59:00
2026-06-29 14:02:27.473 | INFO     | database.supabase_client:upsert_observations:18 - Upserted 1 observations to Supabase
2026-06-29 14:02:27.473 | INFO     | ingestion.noaa_fetcher:fetch_and_store:88 - Stored NOAA observation at 2026-06-28T13:59:00
2026-06-29 14:04:57.514 | INFO     | database.supabase_client:upsert_observations:21 - Upserted 1 observations to Supabase
2026-06-29 14:04:57.516 | INFO     | ingestion.noaa_fetcher:fetch_and_store:88 - Stored NOAA observation at 2026-06-28T14:03:00
2026-06-29 14:05:16.577 | INFO     | database.supabase_client:upsert_observations:21 - Upserted 1 observations to Supabase
2026-06-29 14:05:16.578 | INFO     | ingestion.noaa_fetcher:fetch_and_store:88 - Stored NOAA observation at 2026-06-28T14:03:00
2026-06-29 14:06:51.379 | INFO     | database.supabase_client:upsert_observations:18 - Upserted 1 observations to Supabase
2026-06-29 14:06:51.379 | INFO     | ingestion.noaa_fetcher:fetch_and_store:88 - Stored NOAA observation at 2026-06-28T14:03:00
2026-06-29 14:07:03.064 | INFO     | database.supabase_client:upsert_observations:18 - Upserted 1 observations to Supabase
2026-06-29 14:07:03.064 | INFO     | ingestion.noaa_fetcher:fetch_and_store:88 - Stored NOAA observation at 2026-06-28T14:03:00
2026-06-29 14:07:04.031 | INFO     | database.supabase_client:upsert_observations:22 - Upserted 1 observations to Supabase
2026-06-29 14:07:04.031 | INFO     | ingestion.noaa_fetcher:fetch_and_store:88 - Stored NOAA observation at 2026-06-28T14:03:00
2026-06-29 14:07:27.595 | INFO     | database.supabase_client:upsert_observations:18 - Upserted 1 observations to Supabase
2026-06-29 14:07:27.595 | INFO     | ingestion.noaa_fetcher:fetch_and_store:88 - Stored NOAA observation at 2026-06-28T14:03:00
2026-06-29 14:09:57.575 | INFO     | database.supabase_client:upsert_observations:21 - Upserted 1 observations to Supabase
2026-06-29 14:09:57.575 | INFO     | ingestion.noaa_fetcher:fetch_and_store:88 - Stored NOAA observation at 2026-06-28T14:09:11
2026-06-29 14:10:17.007 | INFO     | database.supabase_client:upsert_observations:21 - Upserted 1 observations to Supabase
2026-06-29 14:10:17.007 | INFO     | ingestion.noaa_fetcher:fetch_and_store:88 - Stored NOAA observation at 2026-06-28T14:09:11
2026-06-29 14:11:51.492 | INFO     | database.supabase_client:upsert_observations:18 - Upserted 1 observations to Supabase
2026-06-29 14:11:51.492 | INFO     | ingestion.noaa_fetcher:fetch_and_store:88 - Stored NOAA observation at 2026-06-28T14:09:11
2026-06-29 14:12:03.034 | INFO     | database.supabase_client:upsert_observations:18 - Upserted 1 observations to Supabase
2026-06-29 14:12:03.034 | INFO     | ingestion.noaa_fetcher:fetch_and_store:88 - Stored NOAA observation at 2026-06-28T14:09:11
2026-06-29 14:12:04.046 | INFO     | database.supabase_client:upsert_observations:22 - Upserted 1 observations to Supabase
2026-06-29 14:12:04.046 | INFO     | ingestion.noaa_fetcher:fetch_and_store:88 - Stored NOAA observation at 2026-06-28T14:09:11
2026-06-29 14:12:27.572 | INFO     | database.supabase_client:upsert_observations:18 - Upserted 1 observations to Supabase
2026-06-29 14:12:27.573 | INFO     | ingestion.noaa_fetcher:fetch_and_store:88 - Stored NOAA observation at 2026-06-28T14:09:11
2026-06-29 14:14:57.438 | INFO     | database.supabase_client:upsert_observations:21 - Upserted 1 observations to Supabase
2026-06-29 14:14:57.439 | INFO     | ingestion.noaa_fetcher:fetch_and_store:88 - Stored NOAA observation at 2026-06-28T14:12:11
2026-06-29 14:15:16.285 | INFO     | database.supabase_client:upsert_observations:21 - Upserted 1 observations to Supabase
2026-06-29 14:15:16.285 | INFO     | ingestion.noaa_fetcher:fetch_and_store:88 - Stored NOAA observation at 2026-06-28T14:12:11
2026-06-29 14:16:51.334 | INFO     | database.supabase_client:upsert_observations:18 - Upserted 1 observations to Supabase
2026-06-29 14:16:51.334 | INFO     | ingestion.noaa_fetcher:fetch_and_store:88 - Stored NOAA observation at 2026-06-28T14:15:11
2026-06-29 14:17:02.979 | INFO     | database.supabase_client:upsert_observations:18 - Upserted 1 observations to Supabase
2026-06-29 14:17:02.980 | INFO     | ingestion.noaa_fetcher:fetch_and_store:88 - Stored NOAA observation at 2026-06-28T14:15:11
2026-06-29 14:17:03.976 | INFO     | database.supabase_client:upsert_observations:22 - Upserted 1 observations to Supabase
2026-06-29 14:17:03.976 | INFO     | ingestion.noaa_fetcher:fetch_and_store:88 - Stored NOAA observation at 2026-06-28T14:15:11
2026-06-29 14:17:27.936 | INFO     | database.supabase_client:upsert_observations:18 - Upserted 1 observations to Supabase
2026-06-29 14:17:27.936 | INFO     | ingestion.noaa_fetcher:fetch_and_store:88 - Stored NOAA observation at 2026-06-28T14:15:11
2026-06-29 14:19:57.656 | INFO     | database.supabase_client:upsert_observations:21 - Upserted 1 observations to Supabase
2026-06-29 14:19:57.656 | INFO     | ingestion.noaa_fetcher:fetch_and_store:88 - Stored NOAA observation at 2026-06-28T14:19:00
2026-06-29 14:20:16.330 | INFO     | database.supabase_client:upsert_observations:21 - Upserted 1 observations to Supabase
2026-06-29 14:20:16.330 | INFO     | ingestion.noaa_fetcher:fetch_and_store:88 - Stored NOAA observation at 2026-06-28T14:19:00
2026-06-29 14:21:51.486 | INFO     | database.supabase_client:upsert_observations:18 - Upserted 1 observations to Supabase
2026-06-29 14:21:51.486 | INFO     | ingestion.noaa_fetcher:fetch_and_store:88 - Stored NOAA observation at 2026-06-28T14:19:00
2026-06-29 14:22:02.978 | INFO     | database.supabase_client:upsert_observations:18 - Upserted 1 observations to Supabase
2026-06-29 14:22:02.978 | INFO     | ingestion.noaa_fetcher:fetch_and_store:88 - Stored NOAA observation at 2026-06-28T14:19:00
2026-06-29 14:22:03.933 | INFO     | database.supabase_client:upsert_observations:22 - Upserted 1 observations to Supabase
2026-06-29 14:22:03.933 | INFO     | ingestion.noaa_fetcher:fetch_and_store:88 - Stored NOAA observation at 2026-06-28T14:19:00
2026-06-29 14:22:27.485 | INFO     | database.supabase_client:upsert_observations:18 - Upserted 1 observations to Supabase
2026-06-29 14:22:27.485 | INFO     | ingestion.noaa_fetcher:fetch_and_store:88 - Stored NOAA observation at 2026-06-28T14:19:00
2026-06-29 14:24:57.560 | INFO     | database.supabase_client:upsert_observations:21 - Upserted 1 observations to Supabase
2026-06-29 14:24:57.560 | INFO     | ingestion.noaa_fetcher:fetch_and_store:88 - Stored NOAA observation at 2026-06-28T14:22:00
2026-06-29 14:25:16.304 | INFO     | database.supabase_client:upsert_observations:21 - Upserted 1 observations to Supabase
2026-06-29 14:25:16.304 | INFO     | ingestion.noaa_fetcher:fetch_and_store:88 - Stored NOAA observation at 2026-06-28T14:22:00
2026-06-29 14:26:51.321 | INFO     | database.supabase_client:upsert_observations:18 - Upserted 1 observations to Supabase
2026-06-29 14:26:51.321 | INFO     | ingestion.noaa_fetcher:fetch_and_store:88 - Stored NOAA observation at 2026-06-28T14:25:00
2026-06-29 14:27:02.973 | INFO     | database.supabase_client:upsert_observations:18 - Upserted 1 observations to Supabase
2026-06-29 14:27:02.973 | INFO     | ingestion.noaa_fetcher:fetch_and_store:88 - Stored NOAA observation at 2026-06-28T14:25:00
2026-06-29 14:27:03.962 | INFO     | database.supabase_client:upsert_observations:22 - Upserted 1 observations to Supabase
2026-06-29 14:27:03.962 | INFO     | ingestion.noaa_fetcher:fetch_and_store:88 - Stored NOAA observation at 2026-06-28T14:25:00
2026-06-29 14:27:27.467 | INFO     | database.supabase_client:upsert_observations:18 - Upserted 1 observations to Supabase
2026-06-29 14:27:27.467 | INFO     | ingestion.noaa_fetcher:fetch_and_store:88 - Stored NOAA observation at 2026-06-28T14:25:00
2026-06-29 14:29:57.299 | INFO     | database.supabase_client:upsert_observations:21 - Upserted 1 observations to Supabase
2026-06-29 14:29:57.299 | INFO     | ingestion.noaa_fetcher:fetch_and_store:88 - Stored NOAA observation at 2026-06-28T14:29:11
2026-06-29 14:30:16.448 | INFO     | database.supabase_client:upsert_observations:21 - Upserted 1 observations to Supabase
2026-06-29 14:30:16.448 | INFO     | ingestion.noaa_fetcher:fetch_and_store:88 - Stored NOAA observation at 2026-06-28T14:29:11
2026-06-29 14:31:51.281 | INFO     | database.supabase_client:upsert_observations:18 - Upserted 1 observations to Supabase
2026-06-29 14:31:51.281 | INFO     | ingestion.noaa_fetcher:fetch_and_store:88 - Stored NOAA observation at 2026-06-28T14:29:11
2026-06-29 14:32:03.011 | INFO     | database.supabase_client:upsert_observations:18 - Upserted 1 observations to Supabase
2026-06-29 14:32:03.011 | INFO     | ingestion.noaa_fetcher:fetch_and_store:88 - Stored NOAA observation at 2026-06-28T14:29:11
2026-06-29 14:32:03.957 | INFO     | database.supabase_client:upsert_observations:22 - Upserted 1 observations to Supabase
2026-06-29 14:32:03.957 | INFO     | ingestion.noaa_fetcher:fetch_and_store:88 - Stored NOAA observation at 2026-06-28T14:29:11
2026-06-29 14:32:27.519 | INFO     | database.supabase_client:upsert_observations:18 - Upserted 1 observations to Supabase
2026-06-29 14:32:27.521 | INFO     | ingestion.noaa_fetcher:fetch_and_store:88 - Stored NOAA observation at 2026-06-28T14:29:11
2026-06-29 14:34:57.595 | INFO     | database.supabase_client:upsert_observations:21 - Upserted 1 observations to Supabase
2026-06-29 14:34:57.595 | INFO     | ingestion.noaa_fetcher:fetch_and_store:88 - Stored NOAA observation at 2026-06-28T14:33:00
2026-06-29 14:35:16.427 | INFO     | database.supabase_client:upsert_observations:21 - Upserted 1 observations to Supabase
2026-06-29 14:35:16.428 | INFO     | ingestion.noaa_fetcher:fetch_and_store:88 - Stored NOAA observation at 2026-06-28T14:33:00
2026-06-29 14:36:51.283 | INFO     | database.supabase_client:upsert_observations:18 - Upserted 1 observations to Supabase
2026-06-29 14:36:51.283 | INFO     | ingestion.noaa_fetcher:fetch_and_store:88 - Stored NOAA observation at 2026-06-28T14:33:00
2026-06-29 14:37:03.001 | INFO     | database.supabase_client:upsert_observations:18 - Upserted 1 observations to Supabase
2026-06-29 14:37:03.001 | INFO     | ingestion.noaa_fetcher:fetch_and_store:88 - Stored NOAA observation at 2026-06-28T14:33:00
2026-06-29 14:37:04.227 | INFO     | database.supabase_client:upsert_observations:22 - Upserted 1 observations to Supabase
2026-06-29 14:37:04.227 | INFO     | ingestion.noaa_fetcher:fetch_and_store:88 - Stored NOAA observation at 2026-06-28T14:33:00
2026-06-29 14:37:27.562 | INFO     | database.supabase_client:upsert_observations:18 - Upserted 1 observations to Supabase
2026-06-29 14:37:27.563 | INFO     | ingestion.noaa_fetcher:fetch_and_store:88 - Stored NOAA observation at 2026-06-28T14:33:00
2026-06-29 14:39:57.353 | INFO     | database.supabase_client:upsert_observations:21 - Upserted 1 observations to Supabase
2026-06-29 14:39:57.353 | INFO     | ingestion.noaa_fetcher:fetch_and_store:88 - Stored NOAA observation at 2026-06-28T14:37:11
2026-06-29 14:40:16.578 | INFO     | database.supabase_client:upsert_observations:21 - Upserted 1 observations to Supabase
2026-06-29 14:40:16.579 | INFO     | ingestion.noaa_fetcher:fetch_and_store:88 - Stored NOAA observation at 2026-06-28T14:37:11
2026-06-29 14:41:51.314 | INFO     | database.supabase_client:upsert_observations:18 - Upserted 1 observations to Supabase
2026-06-29 14:41:51.314 | INFO     | ingestion.noaa_fetcher:fetch_and_store:88 - Stored NOAA observation at 2026-06-28T14:37:11
2026-06-29 14:42:02.984 | INFO     | database.supabase_client:upsert_observations:18 - Upserted 1 observations to Supabase
2026-06-29 14:42:02.985 | INFO     | ingestion.noaa_fetcher:fetch_and_store:88 - Stored NOAA observation at 2026-06-28T14:37:11
2026-06-29 14:42:03.946 | INFO     | database.supabase_client:upsert_observations:22 - Upserted 1 observations to Supabase
2026-06-29 14:42:03.947 | INFO     | ingestion.noaa_fetcher:fetch_and_store:88 - Stored NOAA observation at 2026-06-28T14:37:11
2026-06-29 14:42:27.705 | INFO     | database.supabase_client:upsert_observations:18 - Upserted 1 observations to Supabase
2026-06-29 14:42:27.705 | INFO     | ingestion.noaa_fetcher:fetch_and_store:88 - Stored NOAA observation at 2026-06-28T14:37:11
2026-06-29 14:44:57.530 | INFO     | database.supabase_client:upsert_observations:21 - Upserted 1 observations to Supabase
2026-06-29 14:44:57.530 | INFO     | ingestion.noaa_fetcher:fetch_and_store:88 - Stored NOAA observation at 2026-06-28T14:41:00
2026-06-29 14:45:16.426 | INFO     | database.supabase_client:upsert_observations:21 - Upserted 1 observations to Supabase
2026-06-29 14:45:16.426 | INFO     | ingestion.noaa_fetcher:fetch_and_store:88 - Stored NOAA observation at 2026-06-28T14:41:00
2026-06-29 14:46:51.450 | INFO     | database.supabase_client:upsert_observations:18 - Upserted 1 observations to Supabase
2026-06-29 14:46:51.450 | INFO     | ingestion.noaa_fetcher:fetch_and_store:88 - Stored NOAA observation at 2026-06-28T14:44:00
2026-06-29 14:47:02.965 | INFO     | database.supabase_client:upsert_observations:18 - Upserted 1 observations to Supabase
2026-06-29 14:47:02.965 | INFO     | ingestion.noaa_fetcher:fetch_and_store:88 - Stored NOAA observation at 2026-06-28T14:44:00
2026-06-29 14:47:03.952 | INFO     | database.supabase_client:upsert_observations:22 - Upserted 1 observations to Supabase
2026-06-29 14:47:03.953 | INFO     | ingestion.noaa_fetcher:fetch_and_store:88 - Stored NOAA observation at 2026-06-28T14:44:00
2026-06-29 14:47:27.602 | INFO     | database.supabase_client:upsert_observations:18 - Upserted 1 observations to Supabase
2026-06-29 14:47:27.604 | INFO     | ingestion.noaa_fetcher:fetch_and_store:88 - Stored NOAA observation at 2026-06-28T14:44:00
2026-06-29 16:53:16.769 | INFO     | database.supabase_client:upsert_observations:22 - Upserted 1 observations to Supabase
2026-06-29 16:53:16.775 | INFO     | ingestion.noaa_fetcher:fetch_and_store:88 - Stored NOAA observation at 2026-06-28T16:51:00
2026-06-29 16:58:17.834 | INFO     | database.supabase_client:upsert_observations:22 - Upserted 1 observations to Supabase
2026-06-29 16:58:17.834 | INFO     | ingestion.noaa_fetcher:fetch_and_store:88 - Stored NOAA observation at 2026-06-28T16:57:00
2026-06-29 17:03:17.858 | INFO     | database.supabase_client:upsert_observations:22 - Upserted 1 observations to Supabase
2026-06-29 17:03:17.859 | INFO     | ingestion.noaa_fetcher:fetch_and_store:88 - Stored NOAA observation at 2026-06-28T17:00:11
2026-06-29 17:08:17.760 | INFO     | database.supabase_client:upsert_observations:22 - Upserted 1 observations to Supabase
2026-06-29 17:08:17.761 | INFO     | ingestion.noaa_fetcher:fetch_and_store:88 - Stored NOAA observation at 2026-06-28T17:07:00
2026-06-29 17:13:17.689 | INFO     | database.supabase_client:upsert_observations:22 - Upserted 1 observations to Supabase
2026-06-29 17:13:17.690 | INFO     | ingestion.noaa_fetcher:fetch_and_store:88 - Stored NOAA observation at 2026-06-28T17:11:00
2026-06-29 17:18:17.787 | INFO     | database.supabase_client:upsert_observations:22 - Upserted 1 observations to Supabase
2026-06-29 17:18:17.787 | INFO     | ingestion.noaa_fetcher:fetch_and_store:88 - Stored NOAA observation at 2026-06-28T17:17:00
2026-06-29 17:23:17.641 | INFO     | database.supabase_client:upsert_observations:22 - Upserted 1 observations to Supabase
2026-06-29 17:23:17.643 | INFO     | ingestion.noaa_fetcher:fetch_and_store:88 - Stored NOAA observation at 2026-06-28T17:20:00
2026-06-29 17:28:17.410 | INFO     | database.supabase_client:upsert_observations:22 - Upserted 1 observations to Supabase
2026-06-29 17:28:17.410 | INFO     | ingestion.noaa_fetcher:fetch_and_store:88 - Stored NOAA observation at 2026-06-28T17:24:00
2026-06-29 17:33:17.489 | INFO     | database.supabase_client:upsert_observations:22 - Upserted 1 observations to Supabase
2026-06-29 17:33:17.490 | INFO     | ingestion.noaa_fetcher:fetch_and_store:88 - Stored NOAA observation at 2026-06-28T17:31:00
2026-06-29 17:38:17.454 | INFO     | database.supabase_client:upsert_observations:22 - Upserted 1 observations to Supabase
2026-06-29 17:38:17.454 | INFO     | ingestion.noaa_fetcher:fetch_and_store:88 - Stored NOAA observation at 2026-06-28T17:34:00
2026-06-29 17:43:17.476 | INFO     | database.supabase_client:upsert_observations:22 - Upserted 1 observations to Supabase
2026-06-29 17:43:17.477 | INFO     | ingestion.noaa_fetcher:fetch_and_store:88 - Stored NOAA observation at 2026-06-28T17:41:00
2026-06-29 17:48:17.388 | INFO     | database.supabase_client:upsert_observations:22 - Upserted 1 observations to Supabase
2026-06-29 17:48:17.397 | INFO     | ingestion.noaa_fetcher:fetch_and_store:88 - Stored NOAA observation at 2026-06-28T17:47:11
2026-06-29 17:53:17.346 | INFO     | database.supabase_client:upsert_observations:22 - Upserted 1 observations to Supabase
2026-06-29 17:53:17.347 | INFO     | ingestion.noaa_fetcher:fetch_and_store:88 - Stored NOAA observation at 2026-06-28T17:51:00
2026-06-29 17:58:17.653 | INFO     | database.supabase_client:upsert_observations:22 - Upserted 1 observations to Supabase
2026-06-29 17:58:17.653 | INFO     | ingestion.noaa_fetcher:fetch_and_store:88 - Stored NOAA observation at 2026-06-28T17:54:11
2026-06-30 01:51:38.593 | INFO     | database.supabase_client:upsert_observations:22 - Upserted 1 observations to Supabase
2026-06-30 01:51:38.604 | INFO     | ingestion.noaa_fetcher:fetch_and_store:88 - Stored NOAA observation at 2026-06-29T01:50:00
2026-06-30 01:56:39.339 | INFO     | database.supabase_client:upsert_observations:22 - Upserted 1 observations to Supabase
2026-06-30 01:56:39.339 | INFO     | ingestion.noaa_fetcher:fetch_and_store:88 - Stored NOAA observation at 2026-06-29T01:53:00
